2021-05-24T18:29:46.759Z [5544c4ce4f7d9631] [ACCEPTED LOGIN]   for client : jffe@000 / 127.0.0.1.
2021-05-24T18:30:03.108Z [56a1c35ed7df9df6] [ACCEPTED LOGIN]   for client : anonymous / 192.168.44.1.
2021-05-24T18:30:03.250Z [56a1c35ed7df9df6] [ACCEPTED LOGIN]   for client : anonymous / 192.168.44.1.
2021-05-24T18:30:03.320Z [50014cb4a6d7a6b ] [ACCEPTED LOGIN]   for client : anonymous / 192.168.44.1.
2021-05-24T18:30:04.138Z [262d8fabaddc05f7] [ACCEPTED LOGIN]   for client : anonymous / 192.168.44.1.
2021-05-24T18:30:04.167Z [262d8fabaddc05f7] [ACCEPTED LOGIN]   for client : anonymous / 192.168.44.1.
2021-05-24T18:30:04.925Z [1ec9a68be414f820] [ACCEPTED LOGIN]   for client : anonymous / 192.168.44.1.
2021-05-24T18:30:18.911Z [176ed737dab5158f] [ACCEPTED LOGIN]   for client : jffe@000 / 127.0.0.1.
2021-05-24T18:30:18.916Z [5067aaa11ed13561] [ACCEPTED LOGIN]   for client : jffe@000 / 127.0.0.1.
2021-05-24T18:30:18.915Z [6cef0e8d60859fc9] [ACCEPTED LOGIN]   for client : jffe@000 / 127.0.0.1.
2021-05-24T18:30:48.923Z [2102d31639aa26ef] [ACCEPTED LOGIN]   for client : jffe@000 / 127.0.0.1.
2021-05-24T18:30:48.924Z [40c87f4861adff1e] [ACCEPTED LOGIN]   for client : jffe@000 / 127.0.0.1.
2021-05-24T18:30:48.932Z [4eafb81a770ad63 ] [ACCEPTED LOGIN]   for client : jffe@000 / 127.0.0.1.
2021-05-24T18:30:56.234Z [148fe5c2f236f846] [ACCEPTED LOGIN]   for client : admin / 192.168.44.1.
2021-05-24T18:30:56.571Z [6190b56f1b420db4] [ACCEPTED LOGIN]   for client : admin / 192.168.44.1.
2021-05-24T18:30:56.573Z [6190b56f1b420db4] [ACCEPTED LOGIN]   for client : admin / 192.168.44.1.
2021-05-24T18:30:56.676Z [54873dfeb5d74d8a] [ACCEPTED LOGIN]   for client : admin / 192.168.44.1.
2021-05-24T18:31:10.586Z [62566b428355acbb] [ACCEPTED CONFIGURATION_CHANGE]   for client : admin / 192.168.44.1.
2021-05-24T18:31:15.956Z [2a55245908936a59] [ACCEPTED LOGIN]   for client : admin / 192.168.44.1.
2021-05-24T18:31:18.935Z [3369fa99fd72887d] [ACCEPTED LOGIN]   for client : jffe@000 / 127.0.0.1.
2021-05-24T18:31:18.939Z [1de1dd1b79e6923 ] [ACCEPTED LOGIN]   for client : jffe@000 / 127.0.0.1.
2021-05-24T18:31:18.943Z [32fe16fb9467c3e9] [ACCEPTED LOGIN]   for client : jffe@000 / 127.0.0.1.
2021-05-24T18:31:46.548Z [7c6b041198bc7e58] [ACCEPTED LOGIN]   for client : admin / 192.168.44.1.
2021-05-24T18:31:48.922Z [6b497007775f2cc6] [ACCEPTED LOGIN]   for client : jffe@000 / 127.0.0.1.
2021-05-24T18:31:48.923Z [200912d292559c0c] [ACCEPTED LOGIN]   for client : jffe@000 / 127.0.0.1.
2021-05-24T18:31:48.925Z [458e97c8ea9efbb2] [ACCEPTED LOGIN]   for client : jffe@000 / 127.0.0.1.
2021-05-24T18:32:04.512Z [4fc56170454555bc] [ACCEPTED LOGIN]   for client : admin / 192.168.44.1.
2021-05-24T18:32:18.924Z [7c861d270e572f6e] [ACCEPTED LOGIN]   for client : jffe@000 / 127.0.0.1.
2021-05-24T18:32:18.939Z [799f9e765a391b0f] [ACCEPTED LOGIN]   for client : jffe@000 / 127.0.0.1.
2021-05-24T18:32:18.945Z [51b9dd3c4e239fe6] [ACCEPTED LOGIN]   for client : jffe@000 / 127.0.0.1.
2021-05-24T18:32:36.627Z [18aeb2e9a90123d3] [ACCEPTED LOGIN]   for client : admin / 192.168.44.1.
2021-05-24T18:32:48.915Z [2cbbbccf95fe7616] [ACCEPTED LOGIN]   for client : jffe@000 / 127.0.0.1.
2021-05-24T18:32:48.927Z [10b9412e12517136] [ACCEPTED LOGIN]   for client : jffe@000 / 127.0.0.1.
2021-05-24T18:32:48.938Z [50ad703751463914] [ACCEPTED LOGIN]   for client : jffe@000 / 127.0.0.1.
2021-05-24T18:33:01.581Z [53ba6bfdc6f7bcef] [ACCEPTED LOGIN]   for client : admin / 192.168.44.1.
2021-05-24T18:33:18.918Z [4e3fc101be3a40ff] [ACCEPTED LOGIN]   for client : jffe@000 / 127.0.0.1.
2021-05-24T18:33:18.919Z [26f9f3defc6a6c7f] [ACCEPTED LOGIN]   for client : jffe@000 / 127.0.0.1.
2021-05-24T18:33:18.923Z [6f9fa5b8c8e023e ] [ACCEPTED LOGIN]   for client : jffe@000 / 127.0.0.1.
2021-05-24T18:33:26.579Z [5f183cd04ab7c824] [ACCEPTED LOGIN]   for client : admin / 192.168.44.1.
2021-05-24T18:33:48.916Z [2bf6a4778f785d21] [ACCEPTED LOGIN]   for client : jffe@000 / 127.0.0.1.
2021-05-24T18:33:48.916Z [77b990ea24a19f43] [ACCEPTED LOGIN]   for client : jffe@000 / 127.0.0.1.
2021-05-24T18:33:48.917Z [28fe4bc95044b5a5] [ACCEPTED LOGIN]   for client : jffe@000 / 127.0.0.1.
2021-05-24T18:33:51.625Z [4b1fe8db89bfe663] [ACCEPTED LOGIN]   for client : admin / 192.168.44.1.
2021-05-24T18:33:57.069Z [41c67779ace59f62] [ACCEPTED UPDATE]  The user: 'admin' has updated his profile successfully for client : admin / 192.168.44.1.
2021-05-24T18:34:07.981Z [1443ee600334b220] [ACCEPTED LOGIN]   for client : admin / 192.168.44.1.
2021-05-24T18:34:18.919Z [44434357769d2d2f] [ACCEPTED LOGIN]   for client : jffe@000 / 127.0.0.1.
2021-05-24T18:34:18.923Z [2187ef09acbb59f6] [ACCEPTED LOGIN]   for client : jffe@000 / 127.0.0.1.
2021-05-24T18:34:18.934Z [71f01b4a50b1358c] [ACCEPTED LOGIN]   for client : jffe@000 / 127.0.0.1.
2021-05-24T18:34:42.707Z [507143723e90b12d] [ACCEPTED LOGIN]   for client : anonymous / 192.168.44.1.
2021-05-24T18:34:42.732Z [507143723e90b12d] [ACCEPTED LOGIN]   for client : anonymous / 192.168.44.1.
2021-05-24T18:34:48.921Z [1a0ede5684153acb] [ACCEPTED LOGIN]   for client : jffe@000 / 127.0.0.1.
2021-05-24T18:34:48.924Z [7aff8ebf6402957a] [ACCEPTED LOGIN]   for client : jffe@000 / 127.0.0.1.
2021-05-24T18:34:48.926Z [5f80533d68e13432] [ACCEPTED LOGIN]   for client : jffe@000 / 127.0.0.1.
2021-05-24T18:35:18.915Z [73854ae1a1cdf153] [ACCEPTED LOGIN]   for client : jffe@000 / 127.0.0.1.
2021-05-24T18:35:18.928Z [57e1cc3ca8e45683] [ACCEPTED LOGIN]   for client : jffe@000 / 127.0.0.1.
2021-05-24T18:35:18.934Z [4b27ceafee3f98a ] [ACCEPTED LOGIN]   for client : jffe@000 / 127.0.0.1.
2021-05-24T18:35:48.944Z [6773b5bc1f5d0d53] [ACCEPTED LOGIN]   for client : jffe@000 / 127.0.0.1.
2021-05-24T18:35:48.945Z [1146c84dd4c60751] [ACCEPTED LOGIN]   for client : jffe@000 / 127.0.0.1.
2021-05-24T18:35:48.949Z [3f639ae9ae368aa1] [ACCEPTED LOGIN]   for client : jffe@000 / 127.0.0.1.
2021-05-24T18:36:18.924Z [1d34e5c274b70fb ] [ACCEPTED LOGIN]   for client : jffe@000 / 127.0.0.1.
2021-05-24T18:36:18.928Z [1c7e0a774fe678be] [ACCEPTED LOGIN]   for client : jffe@000 / 127.0.0.1.
2021-05-24T18:36:18.932Z [5943d22d478b80f5] [ACCEPTED LOGIN]   for client : jffe@000 / 127.0.0.1.
2021-05-24T18:36:29.583Z [230e04b26778184 ] [ACCEPTED LOGIN]   for client : admin / 192.168.44.1.
2021-05-24T18:36:29.825Z [2df6b4dade2339c ] [ACCEPTED LOGIN]   for client : admin / 192.168.44.1.
2021-05-24T18:36:29.844Z [2df6b4dade2339c ] [ACCEPTED LOGIN]   for client : admin / 192.168.44.1.
2021-05-24T18:36:29.903Z [5c98d52aab23a517] [ACCEPTED LOGIN]   for client : admin / 192.168.44.1.
2021-05-24T18:36:48.932Z [3075c668fd2c3c4d] [ACCEPTED LOGIN]   for client : jffe@000 / 127.0.0.1.
2021-05-24T18:36:48.935Z [6666ba601aa5cb20] [ACCEPTED LOGIN]   for client : jffe@000 / 127.0.0.1.
2021-05-24T18:36:48.937Z [3837e85cb6b7700f] [ACCEPTED LOGIN]   for client : jffe@000 / 127.0.0.1.
2021-05-24T18:36:55.503Z [71ab09b98022de69] [ACCEPTED LOGIN]   for client : admin / 192.168.44.1.
2021-05-24T18:37:18.931Z [1996795fc9334871] [ACCEPTED LOGIN]   for client : jffe@000 / 127.0.0.1.
2021-05-24T18:37:18.932Z [9a533183106b07a ] [ACCEPTED LOGIN]   for client : jffe@000 / 127.0.0.1.
2021-05-24T18:37:18.937Z [ae2cbcecd4ef473 ] [ACCEPTED LOGIN]   for client : jffe@000 / 127.0.0.1.
2021-05-24T18:37:20.451Z [35f6a79b4d674b2d] [ACCEPTED LOGIN]   for client : admin / 192.168.44.1.
2021-05-24T18:37:45.450Z [60cfe2b3a24bba05] [ACCEPTED LOGIN]   for client : admin / 192.168.44.1.
2021-05-24T18:37:48.929Z [7cef2ddf2eddde6f] [ACCEPTED LOGIN]   for client : jffe@000 / 127.0.0.1.
2021-05-24T18:37:48.932Z [72268795f8839632] [ACCEPTED LOGIN]   for client : jffe@000 / 127.0.0.1.
2021-05-24T18:37:48.933Z [22077e2b17ddf16d] [ACCEPTED LOGIN]   for client : jffe@000 / 127.0.0.1.
2021-05-24T18:43:55.333Z [4c280b64d4cb985e] [ACCEPTED LOGIN]   for client : jffe@000 / 127.0.0.1.
2021-05-24T18:44:02.587Z [5f474e0500f87ce1] [ACCEPTED LOGIN]   for client : admin / 192.168.44.1.
2021-05-24T18:44:25.455Z [60f127c997ae8387] [ACCEPTED LOGIN]   for client : admin / 192.168.44.1.
2021-05-24T18:44:27.543Z [3691b24a85e3a280] [ACCEPTED LOGIN]   for client : jffe@000 / 127.0.0.1.
2021-05-24T18:44:27.544Z [3c3302552c907a80] [ACCEPTED LOGIN]   for client : jffe@000 / 127.0.0.1.
2021-05-24T18:44:27.546Z [29ce17e58b2f9309] [ACCEPTED LOGIN]   for client : jffe@000 / 127.0.0.1.
