2021-05-24T18:43:07.218Z [jffe ] [[34M[INFO ][39M] [                ] [                              ] [main                ] - frontend (jffe) service initialization started. Version: 1.19.2 Revision: 10000002 PID: 3431 Home: /opt/jfrog/artifactory
2021-05-24T18:43:07.220Z [jffe ] [[34M[INFO ][39M] [                ] [                              ] [main                ] - attempting pinging artifactory for 180 retires and 1.0s interval for total of 3 minutes
2021-05-24T18:43:16.307Z [jffe ] [[34M[INFO ][39M] [                ] [                              ] [main                ] - pinging artifactory, attempt number 10
2021-05-24T18:43:16.310Z [jffe ] [[34M[INFO ][39M] [                ] [                              ] [main                ] - pinging artifactory attempt number 10 failed with code : ECONNREFUSED
2021-05-24T18:43:26.378Z [jffe ] [[34M[INFO ][39M] [                ] [                              ] [main                ] - pinging artifactory, attempt number 20
2021-05-24T18:43:26.397Z [jffe ] [[34M[INFO ][39M] [                ] [                              ] [main                ] - pinging artifactory attempt number 20 failed with code : ECONNREFUSED
2021-05-24T18:43:36.493Z [jffe ] [[34M[INFO ][39M] [                ] [                              ] [main                ] - pinging artifactory, attempt number 30
2021-05-24T18:43:36.505Z [jffe ] [[34M[INFO ][39M] [                ] [                              ] [main                ] - pinging artifactory attempt number 30 failed with code : ECONNREFUSED
2021-05-24T18:43:37.510Z [jffe ] [[31M[1M[ERROR][22M[39M] [                ] [                              ] [main                ] - ArtifactoryClient::http [get] request to /api/system/ping failed with 404 code
2021-05-24T18:43:38.516Z [jffe ] [[31M[1M[ERROR][22M[39M] [                ] [                              ] [main                ] - ArtifactoryClient::http [get] request to /api/system/ping failed with 404 code
2021-05-24T18:43:39.518Z [jffe ] [[31M[1M[ERROR][22M[39M] [                ] [                              ] [main                ] - ArtifactoryClient::http [get] request to /api/system/ping failed with 404 code
2021-05-24T18:43:40.525Z [jffe ] [[31M[1M[ERROR][22M[39M] [                ] [                              ] [main                ] - ArtifactoryClient::http [get] request to /api/system/ping failed with 404 code
2021-05-24T18:43:41.552Z [jffe ] [[31M[1M[ERROR][22M[39M] [                ] [                              ] [main                ] - ArtifactoryClient::http [get] request to /api/system/ping failed with 404 code
2021-05-24T18:43:42.561Z [jffe ] [[31M[1M[ERROR][22M[39M] [                ] [                              ] [main                ] - ArtifactoryClient::http [get] request to /api/system/ping failed with 404 code
2021-05-24T18:43:43.573Z [jffe ] [[31M[1M[ERROR][22M[39M] [                ] [                              ] [main                ] - ArtifactoryClient::http [get] request to /api/system/ping failed with 404 code
2021-05-24T18:43:44.581Z [jffe ] [[31M[1M[ERROR][22M[39M] [                ] [                              ] [main                ] - ArtifactoryClient::http [get] request to /api/system/ping failed with 404 code
2021-05-24T18:43:45.627Z [jffe ] [[31M[1M[ERROR][22M[39M] [                ] [                              ] [main                ] - ArtifactoryClient::http [get] request to /api/system/ping failed with 503 code
2021-05-24T18:43:46.629Z [jffe ] [[34M[INFO ][39M] [                ] [                              ] [main                ] - pinging artifactory, attempt number 40
2021-05-24T18:43:46.651Z [jffe ] [[31M[1M[ERROR][22M[39M] [                ] [                              ] [main                ] - ArtifactoryClient::http [get] request to /api/system/ping failed with 503 code
2021-05-24T18:43:46.652Z [jffe ] [[34M[INFO ][39M] [                ] [                              ] [main                ] - pinging artifactory attempt number 40 failed with code : undefined
2021-05-24T18:43:47.664Z [jffe ] [[31M[1M[ERROR][22M[39M] [                ] [                              ] [main                ] - ArtifactoryClient::http [get] request to /api/system/ping failed with 503 code
2021-05-24T18:43:48.675Z [jffe ] [[31M[1M[ERROR][22M[39M] [                ] [                              ] [main                ] - ArtifactoryClient::http [get] request to /api/system/ping failed with 503 code
2021-05-24T18:43:49.686Z [jffe ] [[31M[1M[ERROR][22M[39M] [                ] [                              ] [main                ] - ArtifactoryClient::http [get] request to /api/system/ping failed with 503 code
2021-05-24T18:43:50.702Z [jffe ] [[31M[1M[ERROR][22M[39M] [                ] [                              ] [main                ] - ArtifactoryClient::http [get] request to /api/system/ping failed with 503 code
2021-05-24T18:43:51.724Z [jffe ] [[31M[1M[ERROR][22M[39M] [                ] [                              ] [main                ] - ArtifactoryClient::http [get] request to /api/system/ping failed with 503 code
2021-05-24T18:43:52.786Z [jffe ] [[31M[1M[ERROR][22M[39M] [                ] [                              ] [main                ] - ArtifactoryClient::http [get] request to /api/system/ping failed with 503 code
2021-05-24T18:43:53.797Z [jffe ] [[31M[1M[ERROR][22M[39M] [                ] [                              ] [main                ] - ArtifactoryClient::http [get] request to /api/system/ping failed with 503 code
2021-05-24T18:43:55.035Z [jffe ] [[34M[INFO ][39M] [                ] [                              ] [main                ] - artifactory was pinged successfully
2021-05-24T18:43:55.035Z [jffe ] [[34M[INFO ][39M] [                ] [                              ] [main                ] - setting service id - jffe@000
2021-05-24T18:43:55.084Z [jffe ] [[34M[INFO ][39M] [                ] [                              ] [main                ] - Cluster join: Successfully joined the cluster
2021-05-24T18:43:55.120Z [jffe ] [[34M[INFO ][39M] [                ] [                              ] [main                ] - UI service successfully registered on router, serviceId: jffe@000
2021-05-24T18:43:55.477Z [jffe ] [[34M[INFO ][39M] [                ] [                              ] [main                ] - Recurring tasks started
2021-05-24T18:43:56.043Z [jffe ] [[34M[INFO ][39M] [                ] [                              ] [main                ] - frontend (jffe) service initialization completed in 49.14 seconds. Listening on port: port 8070
